C:\Users\Allen\Desktop\CSE470_Proj1\Debug\Misc.exe
C:\Users\Allen\Desktop\CSE470_Proj1\Debug\Misc.ilk
C:\Users\Allen\Desktop\CSE470_Proj1\Debug\Misc.pdb
C:\Users\Allen\Desktop\CSE470_Proj1\Misc\Debug\cl.command.1.tlog
C:\Users\Allen\Desktop\CSE470_Proj1\Misc\Debug\CL.read.1.tlog
C:\Users\Allen\Desktop\CSE470_Proj1\Misc\Debug\CL.write.1.tlog
C:\Users\Allen\Desktop\CSE470_Proj1\Misc\Debug\link.3296.read.1.tlog
C:\Users\Allen\Desktop\CSE470_Proj1\Misc\Debug\link.3296.write.1.tlog
C:\Users\Allen\Desktop\CSE470_Proj1\Misc\Debug\link.3296-cvtres.read.1.tlog
C:\Users\Allen\Desktop\CSE470_Proj1\Misc\Debug\link.3296-cvtres.write.1.tlog
C:\Users\Allen\Desktop\CSE470_Proj1\Misc\Debug\link.3296-rc.read.1.tlog
C:\Users\Allen\Desktop\CSE470_Proj1\Misc\Debug\link.3296-rc.write.1.tlog
C:\Users\Allen\Desktop\CSE470_Proj1\Misc\Debug\link.command.1.tlog
C:\Users\Allen\Desktop\CSE470_Proj1\Misc\Debug\link.read.1.tlog
C:\Users\Allen\Desktop\CSE470_Proj1\Misc\Debug\link.write.1.tlog
C:\Users\Allen\Desktop\CSE470_Proj1\Misc\Debug\link-cvtres.read.1.tlog
C:\Users\Allen\Desktop\CSE470_Proj1\Misc\Debug\link-cvtres.write.1.tlog
C:\Users\Allen\Desktop\CSE470_Proj1\Misc\Debug\link-rc.read.1.tlog
C:\Users\Allen\Desktop\CSE470_Proj1\Misc\Debug\link-rc.write.1.tlog
C:\Users\Allen\Desktop\CSE470_Proj1\Misc\Debug\Main.obj
C:\Users\Allen\Desktop\CSE470_Proj1\Misc\Debug\vc110.idb
C:\Users\Allen\Desktop\CSE470_Proj1\Misc\Debug\vc110.pdb
C:\USERS\OWNER\DOCUMENTS\GITOPENGL\CSE470_PROJ1\DEBUG\MISC.EXE
C:\USERS\OWNER\DOCUMENTS\GITOPENGL\CSE470_PROJ1\DEBUG\MISC.ILK
C:\USERS\OWNER\DOCUMENTS\GITOPENGL\CSE470_PROJ1\DEBUG\MISC.PDB
C:\USERS\OWNER\DOCUMENTS\GITOPENGL\CSE470_PROJ1\MISC\DEBUG\MAIN.OBJ
C:\USERS\OWNER\DOCUMENTS\GITOPENGL\CSE470_PROJ1\MISC\DEBUG\VC110.PDB
